2024-11-22T01:31:54.325+05:30  INFO 2993823 --- [CheckrApplication] [main] c.e.C.repository.UserRepositoryTest      : Starting UserRepositoryTest using Java 17.0.13 with PID 2993823 (started by rahs in /home/rahs/Documents/CheckrApplication)
2024-11-22T01:31:54.334+05:30  INFO 2993823 --- [CheckrApplication] [main] c.e.C.repository.UserRepositoryTest      : No active profile set, falling back to 1 default profile: "default"
2024-11-22T01:31:55.258+05:30  INFO 2993823 --- [CheckrApplication] [main] .s.d.r.c.RepositoryConfigurationDelegate : Bootstrapping Spring Data JPA repositories in DEFAULT mode.
2024-11-22T01:31:55.422+05:30  INFO 2993823 --- [CheckrApplication] [main] .s.d.r.c.RepositoryConfigurationDelegate : Finished Spring Data repository scanning in 139 ms. Found 5 JPA repository interfaces.
2024-11-22T01:31:55.544+05:30  INFO 2993823 --- [CheckrApplication] [main] beddedDataSourceBeanFactoryPostProcessor : Replacing 'dataSource' DataSource bean with embedded version
2024-11-22T01:31:55.892+05:30  INFO 2993823 --- [CheckrApplication] [main] o.s.j.d.e.EmbeddedDatabaseFactory        : Starting embedded database: url='jdbc:h2:mem:5a2388e7-9400-4a29-99a5-e058af81afef;DB_CLOSE_DELAY=-1;DB_CLOSE_ON_EXIT=false', username='sa'
2024-11-22T01:31:56.766+05:30  INFO 2993823 --- [CheckrApplication] [main] o.hibernate.jpa.internal.util.LogHelper  : HHH000204: Processing PersistenceUnitInfo [name: default]
2024-11-22T01:31:56.948+05:30  INFO 2993823 --- [CheckrApplication] [main] org.hibernate.Version                    : HHH000412: Hibernate ORM core version 6.5.3.Final
2024-11-22T01:31:57.041+05:30  INFO 2993823 --- [CheckrApplication] [main] o.h.c.internal.RegionFactoryInitiator    : HHH000026: Second-level cache disabled
2024-11-22T01:31:57.406+05:30  INFO 2993823 --- [CheckrApplication] [main] o.s.o.j.p.SpringPersistenceUnitInfo      : No LoadTimeWeaver setup: ignoring JPA class transformer
2024-11-22T01:31:59.697+05:30  INFO 2993823 --- [CheckrApplication] [main] j.LocalContainerEntityManagerFactoryBean : Initialized JPA EntityManagerFactory for persistence unit 'default'
2024-11-22T01:32:00.345+05:30  INFO 2993823 --- [CheckrApplication] [main] c.e.C.repository.UserRepositoryTest      : Started UserRepositoryTest in 7.759 seconds (process running for 11.227)
2024-11-22T01:32:00.915+05:30  INFO 2993823 --- [CheckrApplication] [main] t.c.s.AnnotationConfigContextLoaderUtils : Could not detect default configuration classes for test class [com.example.CheckrApplication.repository.CandidateRepositoryTest]: CandidateRepositoryTest does not declare any static, non-private, non-final, nested classes annotated with @Configuration.
2024-11-22T01:32:00.936+05:30  INFO 2993823 --- [CheckrApplication] [main] .b.t.c.SpringBootTestContextBootstrapper : Found @SpringBootConfiguration com.example.CheckrApplication.CheckrApplication for test class com.example.CheckrApplication.repository.CandidateRepositoryTest
2024-11-22T01:32:01.209+05:30  INFO 2993823 --- [CheckrApplication] [main] t.c.s.AnnotationConfigContextLoaderUtils : Could not detect default configuration classes for test class [com.example.CheckrApplication.repository.ReportRepositoryTest]: ReportRepositoryTest does not declare any static, non-private, non-final, nested classes annotated with @Configuration.
2024-11-22T01:32:01.224+05:30  INFO 2993823 --- [CheckrApplication] [main] .b.t.c.SpringBootTestContextBootstrapper : Found @SpringBootConfiguration com.example.CheckrApplication.CheckrApplication for test class com.example.CheckrApplication.repository.ReportRepositoryTest
2024-11-22T01:32:03.026+05:30  INFO 2993823 --- [CheckrApplication] [main] o.s.b.d.r.RestartApplicationListener     : Restart disabled due to context in which it is running
2024-11-22T01:32:03.062+05:30  INFO 2993823 --- [CheckrApplication] [main] c.e.C.CheckrApplicationTests             : Starting CheckrApplicationTests using Java 17.0.13 with PID 2993823 (started by rahs in /home/rahs/Documents/CheckrApplication)
2024-11-22T01:32:03.063+05:30  INFO 2993823 --- [CheckrApplication] [main] c.e.C.CheckrApplicationTests             : The following 1 profile is active: "test"
2024-11-22T01:32:03.065+05:30 DEBUG 2993823 --- [CheckrApplication] [main] o.s.w.c.s.GenericWebApplicationContext   : Refreshing org.springframework.web.context.support.GenericWebApplicationContext@44033eb
2024-11-22T01:32:03.554+05:30  INFO 2993823 --- [CheckrApplication] [main] .s.d.r.c.RepositoryConfigurationDelegate : Bootstrapping Spring Data JPA repositories in DEFAULT mode.
2024-11-22T01:32:03.567+05:30  INFO 2993823 --- [CheckrApplication] [main] .s.d.r.c.RepositoryConfigurationDelegate : Finished Spring Data repository scanning in 13 ms. Found 5 JPA repository interfaces.
2024-11-22T01:32:03.906+05:30  INFO 2993823 --- [CheckrApplication] [main] o.hibernate.jpa.internal.util.LogHelper  : HHH000204: Processing PersistenceUnitInfo [name: default]
2024-11-22T01:32:03.908+05:30  INFO 2993823 --- [CheckrApplication] [main] o.h.c.internal.RegionFactoryInitiator    : HHH000026: Second-level cache disabled
2024-11-22T01:32:03.919+05:30  INFO 2993823 --- [CheckrApplication] [main] o.s.o.j.p.SpringPersistenceUnitInfo      : No LoadTimeWeaver setup: ignoring JPA class transformer
2024-11-22T01:32:03.921+05:30  INFO 2993823 --- [CheckrApplication] [main] com.zaxxer.hikari.HikariDataSource       : HikariPool-1 - Starting...
2024-11-22T01:32:03.944+05:30  INFO 2993823 --- [CheckrApplication] [main] com.zaxxer.hikari.pool.HikariPool        : HikariPool-1 - Added connection conn14: url=jdbc:h2:mem:testdb user=SA
2024-11-22T01:32:03.948+05:30  INFO 2993823 --- [CheckrApplication] [main] com.zaxxer.hikari.HikariDataSource       : HikariPool-1 - Start completed.
2024-11-22T01:32:03.957+05:30  WARN 2993823 --- [CheckrApplication] [main] org.hibernate.orm.deprecation            : HHH90000025: H2Dialect does not need to be specified explicitly using 'hibernate.dialect' (remove the property setting and it will be selected by default)
2024-11-22T01:32:04.112+05:30  INFO 2993823 --- [CheckrApplication] [main] j.LocalContainerEntityManagerFactoryBean : Initialized JPA EntityManagerFactory for persistence unit 'default'
2024-11-22T01:32:04.266+05:30  INFO 2993823 --- [CheckrApplication] [main] eAuthenticationProviderManagerConfigurer : Global AuthenticationManager configured with AuthenticationProvider bean with name authenticationProvider
2024-11-22T01:32:04.267+05:30  WARN 2993823 --- [CheckrApplication] [main] r$InitializeUserDetailsManagerConfigurer : Global AuthenticationManager configured with an AuthenticationProvider bean. UserDetailsService beans will not be used for username/password login. Consider removing the AuthenticationProvider bean. Alternatively, consider using the UserDetailsService in a manually instantiated DaoAuthenticationProvider.
2024-11-22T01:32:04.349+05:30  WARN 2993823 --- [CheckrApplication] [main] JpaBaseConfiguration$JpaWebConfiguration : spring.jpa.open-in-view is enabled by default. Therefore, database queries may be performed during view rendering. Explicitly configure spring.jpa.open-in-view to disable this warning
2024-11-22T01:32:04.567+05:30 DEBUG 2993823 --- [CheckrApplication] [main] s.w.s.m.m.a.RequestMappingHandlerMapping : 8 mappings in 'requestMappingHandlerMapping'
2024-11-22T01:32:04.749+05:30 DEBUG 2993823 --- [CheckrApplication] [main] o.s.w.s.handler.SimpleUrlHandlerMapping  : Patterns [/webjars/**, /**] in 'resourceHandlerMapping'
2024-11-22T01:32:05.018+05:30 DEBUG 2993823 --- [CheckrApplication] [main] s.w.s.m.m.a.RequestMappingHandlerAdapter : ControllerAdvice beans: 0 @ModelAttribute, 0 @InitBinder, 1 RequestBodyAdvice, 1 ResponseBodyAdvice
2024-11-22T01:32:05.076+05:30 DEBUG 2993823 --- [CheckrApplication] [main] .m.m.a.ExceptionHandlerExceptionResolver : ControllerAdvice beans: 0 @ExceptionHandler, 1 ResponseBodyAdvice
2024-11-22T01:32:05.229+05:30  INFO 2993823 --- [CheckrApplication] [main] c.e.C.CheckrApplicationTests             : Started CheckrApplicationTests in 2.203 seconds (process running for 16.11)
2024-11-22T01:32:05.270+05:30  INFO 2993823 --- [CheckrApplication] [SpringApplicationShutdownHook] j.LocalContainerEntityManagerFactoryBean : Closing JPA EntityManagerFactory for persistence unit 'default'
2024-11-22T01:32:05.275+05:30 DEBUG 2993823 --- [CheckrApplication] [SpringApplicationShutdownHook] o.s.w.c.s.GenericWebApplicationContext   : Closing org.springframework.web.context.support.GenericWebApplicationContext@44033eb, started on Fri Nov 22 01:32:03 IST 2024
2024-11-22T01:32:05.282+05:30  INFO 2993823 --- [CheckrApplication] [SpringApplicationShutdownHook] j.LocalContainerEntityManagerFactoryBean : Closing JPA EntityManagerFactory for persistence unit 'default'
2024-11-22T01:32:05.638+05:30  INFO 2993823 --- [CheckrApplication] [SpringApplicationShutdownHook] com.zaxxer.hikari.HikariDataSource       : HikariPool-1 - Shutdown initiated...
2024-11-22T01:32:05.643+05:30  INFO 2993823 --- [CheckrApplication] [SpringApplicationShutdownHook] com.zaxxer.hikari.HikariDataSource       : HikariPool-1 - Shutdown completed.
2024-11-22T01:50:22.426+05:30  INFO 2998445 --- [CheckrApplication] [main] c.e.C.repository.UserRepositoryTest      : Starting UserRepositoryTest using Java 17.0.13 with PID 2998445 (started by rahs in /home/rahs/Documents/CheckrApplication)
2024-11-22T01:50:22.429+05:30  INFO 2998445 --- [CheckrApplication] [main] c.e.C.repository.UserRepositoryTest      : The following 1 profile is active: "test"
2024-11-22T01:50:23.251+05:30  INFO 2998445 --- [CheckrApplication] [main] .s.d.r.c.RepositoryConfigurationDelegate : Bootstrapping Spring Data JPA repositories in DEFAULT mode.
2024-11-22T01:50:23.415+05:30  INFO 2998445 --- [CheckrApplication] [main] .s.d.r.c.RepositoryConfigurationDelegate : Finished Spring Data repository scanning in 139 ms. Found 5 JPA repository interfaces.
2024-11-22T01:50:23.551+05:30  INFO 2998445 --- [CheckrApplication] [main] beddedDataSourceBeanFactoryPostProcessor : Replacing 'dataSource' DataSource bean with embedded version
2024-11-22T01:50:23.926+05:30  INFO 2998445 --- [CheckrApplication] [main] o.s.j.d.e.EmbeddedDatabaseFactory        : Starting embedded database: url='jdbc:h2:mem:918b7839-afd5-40cd-83e1-3e478dcb1b70;DB_CLOSE_DELAY=-1;DB_CLOSE_ON_EXIT=false', username='sa'
2024-11-22T01:50:24.665+05:30  INFO 2998445 --- [CheckrApplication] [main] o.hibernate.jpa.internal.util.LogHelper  : HHH000204: Processing PersistenceUnitInfo [name: default]
2024-11-22T01:50:24.810+05:30  INFO 2998445 --- [CheckrApplication] [main] org.hibernate.Version                    : HHH000412: Hibernate ORM core version 6.5.3.Final
2024-11-22T01:50:24.909+05:30  INFO 2998445 --- [CheckrApplication] [main] o.h.c.internal.RegionFactoryInitiator    : HHH000026: Second-level cache disabled
2024-11-22T01:50:25.225+05:30  INFO 2998445 --- [CheckrApplication] [main] o.s.o.j.p.SpringPersistenceUnitInfo      : No LoadTimeWeaver setup: ignoring JPA class transformer
2024-11-22T01:50:25.359+05:30  WARN 2998445 --- [CheckrApplication] [main] org.hibernate.orm.deprecation            : HHH90000025: H2Dialect does not need to be specified explicitly using 'hibernate.dialect' (remove the property setting and it will be selected by default)
2024-11-22T01:50:27.361+05:30  INFO 2998445 --- [CheckrApplication] [main] j.LocalContainerEntityManagerFactoryBean : Initialized JPA EntityManagerFactory for persistence unit 'default'
2024-11-22T01:50:28.008+05:30  INFO 2998445 --- [CheckrApplication] [main] c.e.C.repository.UserRepositoryTest      : Started UserRepositoryTest in 6.758 seconds (process running for 10.452)
2024-11-22T01:50:28.587+05:30  INFO 2998445 --- [CheckrApplication] [main] t.c.s.AnnotationConfigContextLoaderUtils : Could not detect default configuration classes for test class [com.example.CheckrApplication.repository.CandidateRepositoryTest]: CandidateRepositoryTest does not declare any static, non-private, non-final, nested classes annotated with @Configuration.
2024-11-22T01:50:28.610+05:30  INFO 2998445 --- [CheckrApplication] [main] .b.t.c.SpringBootTestContextBootstrapper : Found @SpringBootConfiguration com.example.CheckrApplication.CheckrApplication for test class com.example.CheckrApplication.repository.CandidateRepositoryTest
2024-11-22T01:50:28.850+05:30  INFO 2998445 --- [CheckrApplication] [main] t.c.s.AnnotationConfigContextLoaderUtils : Could not detect default configuration classes for test class [com.example.CheckrApplication.repository.ReportRepositoryTest]: ReportRepositoryTest does not declare any static, non-private, non-final, nested classes annotated with @Configuration.
2024-11-22T01:50:28.866+05:30  INFO 2998445 --- [CheckrApplication] [main] .b.t.c.SpringBootTestContextBootstrapper : Found @SpringBootConfiguration com.example.CheckrApplication.CheckrApplication for test class com.example.CheckrApplication.repository.ReportRepositoryTest
2024-11-22T01:50:30.531+05:30  INFO 2998445 --- [CheckrApplication] [main] t.c.s.AnnotationConfigContextLoaderUtils : Could not detect default configuration classes for test class [com.example.CheckrApplication.CheckrApplicationTests]: CheckrApplicationTests does not declare any static, non-private, non-final, nested classes annotated with @Configuration.
2024-11-22T01:50:30.539+05:30  INFO 2998445 --- [CheckrApplication] [main] .b.t.c.SpringBootTestContextBootstrapper : Found @SpringBootConfiguration com.example.CheckrApplication.CheckrApplication for test class com.example.CheckrApplication.CheckrApplicationTests
2024-11-22T01:50:30.558+05:30  INFO 2998445 --- [CheckrApplication] [main] o.s.b.d.r.RestartApplicationListener     : Restart disabled due to context in which it is running
2024-11-22T01:50:30.592+05:30  INFO 2998445 --- [CheckrApplication] [main] c.e.C.CheckrApplicationTests             : Starting CheckrApplicationTests using Java 17.0.13 with PID 2998445 (started by rahs in /home/rahs/Documents/CheckrApplication)
2024-11-22T01:50:30.593+05:30  INFO 2998445 --- [CheckrApplication] [main] c.e.C.CheckrApplicationTests             : The following 1 profile is active: "test"
2024-11-22T01:50:30.594+05:30 DEBUG 2998445 --- [CheckrApplication] [main] o.s.w.c.s.GenericWebApplicationContext   : Refreshing org.springframework.web.context.support.GenericWebApplicationContext@1a9c44a7
2024-11-22T01:50:31.076+05:30  INFO 2998445 --- [CheckrApplication] [main] .s.d.r.c.RepositoryConfigurationDelegate : Bootstrapping Spring Data JPA repositories in DEFAULT mode.
2024-11-22T01:50:31.089+05:30  INFO 2998445 --- [CheckrApplication] [main] .s.d.r.c.RepositoryConfigurationDelegate : Finished Spring Data repository scanning in 12 ms. Found 5 JPA repository interfaces.
2024-11-22T01:50:31.388+05:30  INFO 2998445 --- [CheckrApplication] [main] o.hibernate.jpa.internal.util.LogHelper  : HHH000204: Processing PersistenceUnitInfo [name: default]
2024-11-22T01:50:31.390+05:30  INFO 2998445 --- [CheckrApplication] [main] o.h.c.internal.RegionFactoryInitiator    : HHH000026: Second-level cache disabled
2024-11-22T01:50:31.400+05:30  INFO 2998445 --- [CheckrApplication] [main] o.s.o.j.p.SpringPersistenceUnitInfo      : No LoadTimeWeaver setup: ignoring JPA class transformer
2024-11-22T01:50:31.402+05:30  INFO 2998445 --- [CheckrApplication] [main] com.zaxxer.hikari.HikariDataSource       : HikariPool-1 - Starting...
2024-11-22T01:50:31.422+05:30  INFO 2998445 --- [CheckrApplication] [main] com.zaxxer.hikari.pool.HikariPool        : HikariPool-1 - Added connection conn15: url=jdbc:h2:mem:testdb user=SA
2024-11-22T01:50:31.425+05:30  INFO 2998445 --- [CheckrApplication] [main] com.zaxxer.hikari.HikariDataSource       : HikariPool-1 - Start completed.
2024-11-22T01:50:31.432+05:30  WARN 2998445 --- [CheckrApplication] [main] org.hibernate.orm.deprecation            : HHH90000025: H2Dialect does not need to be specified explicitly using 'hibernate.dialect' (remove the property setting and it will be selected by default)
2024-11-22T01:50:31.558+05:30  INFO 2998445 --- [CheckrApplication] [main] j.LocalContainerEntityManagerFactoryBean : Initialized JPA EntityManagerFactory for persistence unit 'default'
2024-11-22T01:50:31.688+05:30  INFO 2998445 --- [CheckrApplication] [main] eAuthenticationProviderManagerConfigurer : Global AuthenticationManager configured with AuthenticationProvider bean with name authenticationProvider
2024-11-22T01:50:31.689+05:30  WARN 2998445 --- [CheckrApplication] [main] r$InitializeUserDetailsManagerConfigurer : Global AuthenticationManager configured with an AuthenticationProvider bean. UserDetailsService beans will not be used for username/password login. Consider removing the AuthenticationProvider bean. Alternatively, consider using the UserDetailsService in a manually instantiated DaoAuthenticationProvider.
2024-11-22T01:50:31.778+05:30  WARN 2998445 --- [CheckrApplication] [main] JpaBaseConfiguration$JpaWebConfiguration : spring.jpa.open-in-view is enabled by default. Therefore, database queries may be performed during view rendering. Explicitly configure spring.jpa.open-in-view to disable this warning
2024-11-22T01:50:31.970+05:30 DEBUG 2998445 --- [CheckrApplication] [main] s.w.s.m.m.a.RequestMappingHandlerMapping : 8 mappings in 'requestMappingHandlerMapping'
2024-11-22T01:50:32.127+05:30 DEBUG 2998445 --- [CheckrApplication] [main] o.s.w.s.handler.SimpleUrlHandlerMapping  : Patterns [/webjars/**, /**] in 'resourceHandlerMapping'
2024-11-22T01:50:32.385+05:30 DEBUG 2998445 --- [CheckrApplication] [main] s.w.s.m.m.a.RequestMappingHandlerAdapter : ControllerAdvice beans: 0 @ModelAttribute, 0 @InitBinder, 1 RequestBodyAdvice, 1 ResponseBodyAdvice
2024-11-22T01:50:32.440+05:30 DEBUG 2998445 --- [CheckrApplication] [main] .m.m.a.ExceptionHandlerExceptionResolver : ControllerAdvice beans: 0 @ExceptionHandler, 1 ResponseBodyAdvice
2024-11-22T01:50:32.560+05:30  INFO 2998445 --- [CheckrApplication] [main] c.e.C.CheckrApplicationTests             : Started CheckrApplicationTests in 2.003 seconds (process running for 15.004)
2024-11-22T01:50:32.598+05:30  INFO 2998445 --- [CheckrApplication] [SpringApplicationShutdownHook] j.LocalContainerEntityManagerFactoryBean : Closing JPA EntityManagerFactory for persistence unit 'default'
2024-11-22T01:50:32.960+05:30 DEBUG 2998445 --- [CheckrApplication] [SpringApplicationShutdownHook] o.s.w.c.s.GenericWebApplicationContext   : Closing org.springframework.web.context.support.GenericWebApplicationContext@1a9c44a7, started on Fri Nov 22 01:50:30 IST 2024
2024-11-22T01:50:32.967+05:30  INFO 2998445 --- [CheckrApplication] [SpringApplicationShutdownHook] j.LocalContainerEntityManagerFactoryBean : Closing JPA EntityManagerFactory for persistence unit 'default'
2024-11-22T01:50:32.981+05:30  INFO 2998445 --- [CheckrApplication] [SpringApplicationShutdownHook] com.zaxxer.hikari.HikariDataSource       : HikariPool-1 - Shutdown initiated...
2024-11-22T01:50:32.985+05:30  INFO 2998445 --- [CheckrApplication] [SpringApplicationShutdownHook] com.zaxxer.hikari.HikariDataSource       : HikariPool-1 - Shutdown completed.
2024-11-22T01:50:53.716+05:30  INFO 2998748 --- [CheckrApplication] [main] c.e.C.repository.UserRepositoryTest      : Starting UserRepositoryTest using Java 17.0.13 with PID 2998748 (started by rahs in /home/rahs/Documents/CheckrApplication)
2024-11-22T01:50:53.720+05:30  INFO 2998748 --- [CheckrApplication] [main] c.e.C.repository.UserRepositoryTest      : The following 1 profile is active: "test"
2024-11-22T01:50:54.642+05:30  INFO 2998748 --- [CheckrApplication] [main] .s.d.r.c.RepositoryConfigurationDelegate : Bootstrapping Spring Data JPA repositories in DEFAULT mode.
2024-11-22T01:50:54.846+05:30  INFO 2998748 --- [CheckrApplication] [main] .s.d.r.c.RepositoryConfigurationDelegate : Finished Spring Data repository scanning in 172 ms. Found 5 JPA repository interfaces.
2024-11-22T01:50:55.004+05:30  INFO 2998748 --- [CheckrApplication] [main] beddedDataSourceBeanFactoryPostProcessor : Replacing 'dataSource' DataSource bean with embedded version
2024-11-22T01:50:55.414+05:30  INFO 2998748 --- [CheckrApplication] [main] o.s.j.d.e.EmbeddedDatabaseFactory        : Starting embedded database: url='jdbc:h2:mem:f4b2c68a-ef99-421f-89c0-3bdeaaa6f3ab;DB_CLOSE_DELAY=-1;DB_CLOSE_ON_EXIT=false', username='sa'
2024-11-22T01:50:56.196+05:30  INFO 2998748 --- [CheckrApplication] [main] o.hibernate.jpa.internal.util.LogHelper  : HHH000204: Processing PersistenceUnitInfo [name: default]
2024-11-22T01:50:56.339+05:30  INFO 2998748 --- [CheckrApplication] [main] org.hibernate.Version                    : HHH000412: Hibernate ORM core version 6.5.3.Final
2024-11-22T01:50:56.423+05:30  INFO 2998748 --- [CheckrApplication] [main] o.h.c.internal.RegionFactoryInitiator    : HHH000026: Second-level cache disabled
2024-11-22T01:50:56.751+05:30  INFO 2998748 --- [CheckrApplication] [main] o.s.o.j.p.SpringPersistenceUnitInfo      : No LoadTimeWeaver setup: ignoring JPA class transformer
2024-11-22T01:50:56.886+05:30  WARN 2998748 --- [CheckrApplication] [main] org.hibernate.orm.deprecation            : HHH90000025: H2Dialect does not need to be specified explicitly using 'hibernate.dialect' (remove the property setting and it will be selected by default)
2024-11-22T01:50:58.796+05:30  INFO 2998748 --- [CheckrApplication] [main] j.LocalContainerEntityManagerFactoryBean : Initialized JPA EntityManagerFactory for persistence unit 'default'
2024-11-22T01:50:59.431+05:30  INFO 2998748 --- [CheckrApplication] [main] c.e.C.repository.UserRepositoryTest      : Started UserRepositoryTest in 7.091 seconds (process running for 10.929)
2024-11-22T01:50:59.918+05:30  INFO 2998748 --- [CheckrApplication] [main] t.c.s.AnnotationConfigContextLoaderUtils : Could not detect default configuration classes for test class [com.example.CheckrApplication.repository.CandidateRepositoryTest]: CandidateRepositoryTest does not declare any static, non-private, non-final, nested classes annotated with @Configuration.
2024-11-22T01:50:59.945+05:30  INFO 2998748 --- [CheckrApplication] [main] .b.t.c.SpringBootTestContextBootstrapper : Found @SpringBootConfiguration com.example.CheckrApplication.CheckrApplication for test class com.example.CheckrApplication.repository.CandidateRepositoryTest
2024-11-22T01:51:00.179+05:30  INFO 2998748 --- [CheckrApplication] [main] t.c.s.AnnotationConfigContextLoaderUtils : Could not detect default configuration classes for test class [com.example.CheckrApplication.repository.ReportRepositoryTest]: ReportRepositoryTest does not declare any static, non-private, non-final, nested classes annotated with @Configuration.
2024-11-22T01:51:00.193+05:30  INFO 2998748 --- [CheckrApplication] [main] .b.t.c.SpringBootTestContextBootstrapper : Found @SpringBootConfiguration com.example.CheckrApplication.CheckrApplication for test class com.example.CheckrApplication.repository.ReportRepositoryTest
2024-11-22T01:51:01.890+05:30  INFO 2998748 --- [CheckrApplication] [main] t.c.s.AnnotationConfigContextLoaderUtils : Could not detect default configuration classes for test class [com.example.CheckrApplication.CheckrApplicationTests]: CheckrApplicationTests does not declare any static, non-private, non-final, nested classes annotated with @Configuration.
2024-11-22T01:51:01.899+05:30  INFO 2998748 --- [CheckrApplication] [main] .b.t.c.SpringBootTestContextBootstrapper : Found @SpringBootConfiguration com.example.CheckrApplication.CheckrApplication for test class com.example.CheckrApplication.CheckrApplicationTests
2024-11-22T01:51:01.917+05:30  INFO 2998748 --- [CheckrApplication] [main] o.s.b.d.r.RestartApplicationListener     : Restart disabled due to context in which it is running
2024-11-22T01:51:01.957+05:30  INFO 2998748 --- [CheckrApplication] [main] c.e.C.CheckrApplicationTests             : Starting CheckrApplicationTests using Java 17.0.13 with PID 2998748 (started by rahs in /home/rahs/Documents/CheckrApplication)
2024-11-22T01:51:01.958+05:30  INFO 2998748 --- [CheckrApplication] [main] c.e.C.CheckrApplicationTests             : The following 1 profile is active: "test"
2024-11-22T01:51:01.960+05:30 DEBUG 2998748 --- [CheckrApplication] [main] o.s.w.c.s.GenericWebApplicationContext   : Refreshing org.springframework.web.context.support.GenericWebApplicationContext@4c6d366c
2024-11-22T01:51:02.433+05:30  INFO 2998748 --- [CheckrApplication] [main] .s.d.r.c.RepositoryConfigurationDelegate : Bootstrapping Spring Data JPA repositories in DEFAULT mode.
2024-11-22T01:51:02.446+05:30  INFO 2998748 --- [CheckrApplication] [main] .s.d.r.c.RepositoryConfigurationDelegate : Finished Spring Data repository scanning in 13 ms. Found 5 JPA repository interfaces.
2024-11-22T01:51:02.761+05:30  INFO 2998748 --- [CheckrApplication] [main] o.hibernate.jpa.internal.util.LogHelper  : HHH000204: Processing PersistenceUnitInfo [name: default]
2024-11-22T01:51:02.762+05:30  INFO 2998748 --- [CheckrApplication] [main] o.h.c.internal.RegionFactoryInitiator    : HHH000026: Second-level cache disabled
2024-11-22T01:51:02.773+05:30  INFO 2998748 --- [CheckrApplication] [main] o.s.o.j.p.SpringPersistenceUnitInfo      : No LoadTimeWeaver setup: ignoring JPA class transformer
2024-11-22T01:51:02.775+05:30  INFO 2998748 --- [CheckrApplication] [main] com.zaxxer.hikari.HikariDataSource       : HikariPool-1 - Starting...
2024-11-22T01:51:02.795+05:30  INFO 2998748 --- [CheckrApplication] [main] com.zaxxer.hikari.pool.HikariPool        : HikariPool-1 - Added connection conn15: url=jdbc:h2:mem:testdb user=SA
2024-11-22T01:51:02.798+05:30  INFO 2998748 --- [CheckrApplication] [main] com.zaxxer.hikari.HikariDataSource       : HikariPool-1 - Start completed.
2024-11-22T01:51:02.806+05:30  WARN 2998748 --- [CheckrApplication] [main] org.hibernate.orm.deprecation            : HHH90000025: H2Dialect does not need to be specified explicitly using 'hibernate.dialect' (remove the property setting and it will be selected by default)
2024-11-22T01:51:02.953+05:30  INFO 2998748 --- [CheckrApplication] [main] j.LocalContainerEntityManagerFactoryBean : Initialized JPA EntityManagerFactory for persistence unit 'default'
2024-11-22T01:51:03.083+05:30  INFO 2998748 --- [CheckrApplication] [main] eAuthenticationProviderManagerConfigurer : Global AuthenticationManager configured with AuthenticationProvider bean with name authenticationProvider
2024-11-22T01:51:03.085+05:30  WARN 2998748 --- [CheckrApplication] [main] r$InitializeUserDetailsManagerConfigurer : Global AuthenticationManager configured with an AuthenticationProvider bean. UserDetailsService beans will not be used for username/password login. Consider removing the AuthenticationProvider bean. Alternatively, consider using the UserDetailsService in a manually instantiated DaoAuthenticationProvider.
2024-11-22T01:51:03.164+05:30  WARN 2998748 --- [CheckrApplication] [main] JpaBaseConfiguration$JpaWebConfiguration : spring.jpa.open-in-view is enabled by default. Therefore, database queries may be performed during view rendering. Explicitly configure spring.jpa.open-in-view to disable this warning
2024-11-22T01:51:03.358+05:30 DEBUG 2998748 --- [CheckrApplication] [main] s.w.s.m.m.a.RequestMappingHandlerMapping : 8 mappings in 'requestMappingHandlerMapping'
2024-11-22T01:51:03.518+05:30 DEBUG 2998748 --- [CheckrApplication] [main] o.s.w.s.handler.SimpleUrlHandlerMapping  : Patterns [/webjars/**, /**] in 'resourceHandlerMapping'
2024-11-22T01:51:03.767+05:30 DEBUG 2998748 --- [CheckrApplication] [main] s.w.s.m.m.a.RequestMappingHandlerAdapter : ControllerAdvice beans: 0 @ModelAttribute, 0 @InitBinder, 1 RequestBodyAdvice, 1 ResponseBodyAdvice
2024-11-22T01:51:03.823+05:30 DEBUG 2998748 --- [CheckrApplication] [main] .m.m.a.ExceptionHandlerExceptionResolver : ControllerAdvice beans: 0 @ExceptionHandler, 1 ResponseBodyAdvice
2024-11-22T01:51:03.949+05:30  INFO 2998748 --- [CheckrApplication] [main] c.e.C.CheckrApplicationTests             : Started CheckrApplicationTests in 2.032 seconds (process running for 15.448)
2024-11-22T01:51:03.986+05:30  INFO 2998748 --- [CheckrApplication] [SpringApplicationShutdownHook] j.LocalContainerEntityManagerFactoryBean : Closing JPA EntityManagerFactory for persistence unit 'default'
2024-11-22T01:51:04.356+05:30 DEBUG 2998748 --- [CheckrApplication] [SpringApplicationShutdownHook] o.s.w.c.s.GenericWebApplicationContext   : Closing org.springframework.web.context.support.GenericWebApplicationContext@4c6d366c, started on Fri Nov 22 01:51:01 IST 2024
2024-11-22T01:51:04.364+05:30  INFO 2998748 --- [CheckrApplication] [SpringApplicationShutdownHook] j.LocalContainerEntityManagerFactoryBean : Closing JPA EntityManagerFactory for persistence unit 'default'
2024-11-22T01:51:04.376+05:30  INFO 2998748 --- [CheckrApplication] [SpringApplicationShutdownHook] com.zaxxer.hikari.HikariDataSource       : HikariPool-1 - Shutdown initiated...
2024-11-22T01:51:04.380+05:30  INFO 2998748 --- [CheckrApplication] [SpringApplicationShutdownHook] com.zaxxer.hikari.HikariDataSource       : HikariPool-1 - Shutdown completed.
2024-11-22T11:27:05.355+05:30  INFO 3076024 --- [CheckrApplication] [restartedMain] c.e.CheckrApplication.CheckrApplication  : Starting CheckrApplication using Java 23.0.1 with PID 3076024 (/home/rahs/Documents/CheckrApplication/target/classes started by rahs in /home/rahs/Documents/CheckrApplication)
2024-11-22T11:27:05.360+05:30  INFO 3076024 --- [CheckrApplication] [restartedMain] c.e.CheckrApplication.CheckrApplication  : No active profile set, falling back to 1 default profile: "default"
2024-11-22T11:27:05.481+05:30  INFO 3076024 --- [CheckrApplication] [restartedMain] .e.DevToolsPropertyDefaultsPostProcessor : Devtools property defaults active! Set 'spring.devtools.add-properties' to 'false' to disable
2024-11-22T11:27:06.957+05:30  INFO 3076024 --- [CheckrApplication] [restartedMain] .s.d.r.c.RepositoryConfigurationDelegate : Bootstrapping Spring Data JPA repositories in DEFAULT mode.
2024-11-22T11:27:07.104+05:30  INFO 3076024 --- [CheckrApplication] [restartedMain] .s.d.r.c.RepositoryConfigurationDelegate : Finished Spring Data repository scanning in 131 ms. Found 5 JPA repository interfaces.
2024-11-22T11:27:08.374+05:30  INFO 3076024 --- [CheckrApplication] [restartedMain] o.s.b.w.embedded.tomcat.TomcatWebServer  : Tomcat initialized with port 8081 (http)
2024-11-22T11:27:08.408+05:30  INFO 3076024 --- [CheckrApplication] [restartedMain] o.apache.catalina.core.StandardService   : Starting service [Tomcat]
2024-11-22T11:27:08.409+05:30  INFO 3076024 --- [CheckrApplication] [restartedMain] o.apache.catalina.core.StandardEngine    : Starting Servlet engine: [Apache Tomcat/10.1.31]
2024-11-22T11:27:08.498+05:30  INFO 3076024 --- [CheckrApplication] [restartedMain] o.a.c.c.C.[Tomcat].[localhost].[/]       : Initializing Spring embedded WebApplicationContext
2024-11-22T11:27:08.500+05:30  INFO 3076024 --- [CheckrApplication] [restartedMain] w.s.c.ServletWebServerApplicationContext : Root WebApplicationContext: initialization completed in 3017 ms
2024-11-22T11:27:08.838+05:30  INFO 3076024 --- [CheckrApplication] [restartedMain] o.hibernate.jpa.internal.util.LogHelper  : HHH000204: Processing PersistenceUnitInfo [name: default]
2024-11-22T11:27:09.033+05:30  INFO 3076024 --- [CheckrApplication] [restartedMain] org.hibernate.Version                    : HHH000412: Hibernate ORM core version 6.5.3.Final
2024-11-22T11:27:09.120+05:30  INFO 3076024 --- [CheckrApplication] [restartedMain] o.h.c.internal.RegionFactoryInitiator    : HHH000026: Second-level cache disabled
2024-11-22T11:27:09.762+05:30  INFO 3076024 --- [CheckrApplication] [restartedMain] o.s.o.j.p.SpringPersistenceUnitInfo      : No LoadTimeWeaver setup: ignoring JPA class transformer
2024-11-22T11:27:09.808+05:30  INFO 3076024 --- [CheckrApplication] [restartedMain] com.zaxxer.hikari.HikariDataSource       : HikariPool-1 - Starting...
2024-11-22T11:27:10.339+05:30  INFO 3076024 --- [CheckrApplication] [restartedMain] com.zaxxer.hikari.pool.HikariPool        : HikariPool-1 - Added connection org.postgresql.jdbc.PgConnection@6553637d
2024-11-22T11:27:10.342+05:30  INFO 3076024 --- [CheckrApplication] [restartedMain] com.zaxxer.hikari.HikariDataSource       : HikariPool-1 - Start completed.
2024-11-22T11:27:12.170+05:30  INFO 3076024 --- [CheckrApplication] [restartedMain] j.LocalContainerEntityManagerFactoryBean : Initialized JPA EntityManagerFactory for persistence unit 'default'
2024-11-22T11:27:12.701+05:30 DEBUG 3076024 --- [CheckrApplication] [restartedMain] o.s.b.w.s.ServletContextInitializerBeans : Mapping filters: springSecurityFilterChain urls=[/*] order=-100, characterEncodingFilter urls=[/*] order=-2147483648, formContentFilter urls=[/*] order=-9900, requestContextFilter urls=[/*] order=-105, jwtAuthenticationFilter urls=[/*] order=2147483647
2024-11-22T11:27:12.702+05:30 DEBUG 3076024 --- [CheckrApplication] [restartedMain] o.s.b.w.s.ServletContextInitializerBeans : Mapping servlets: dispatcherServlet urls=[/]
2024-11-22T11:27:12.841+05:30  INFO 3076024 --- [CheckrApplication] [restartedMain] eAuthenticationProviderManagerConfigurer : Global AuthenticationManager configured with AuthenticationProvider bean with name authenticationProvider
2024-11-22T11:27:12.842+05:30  WARN 3076024 --- [CheckrApplication] [restartedMain] r$InitializeUserDetailsManagerConfigurer : Global AuthenticationManager configured with an AuthenticationProvider bean. UserDetailsService beans will not be used for username/password login. Consider removing the AuthenticationProvider bean. Alternatively, consider using the UserDetailsService in a manually instantiated DaoAuthenticationProvider.
2024-11-22T11:27:13.032+05:30  WARN 3076024 --- [CheckrApplication] [restartedMain] JpaBaseConfiguration$JpaWebConfiguration : spring.jpa.open-in-view is enabled by default. Therefore, database queries may be performed during view rendering. Explicitly configure spring.jpa.open-in-view to disable this warning
2024-11-22T11:27:13.290+05:30 DEBUG 3076024 --- [CheckrApplication] [restartedMain] s.w.s.m.m.a.RequestMappingHandlerMapping : 8 mappings in 'requestMappingHandlerMapping'
2024-11-22T11:27:13.467+05:30 DEBUG 3076024 --- [CheckrApplication] [restartedMain] o.s.w.s.handler.SimpleUrlHandlerMapping  : Patterns [/webjars/**, /**] in 'resourceHandlerMapping'
2024-11-22T11:27:13.673+05:30 DEBUG 3076024 --- [CheckrApplication] [restartedMain] s.w.s.m.m.a.RequestMappingHandlerAdapter : ControllerAdvice beans: 0 @ModelAttribute, 0 @InitBinder, 1 RequestBodyAdvice, 1 ResponseBodyAdvice
2024-11-22T11:27:13.737+05:30 DEBUG 3076024 --- [CheckrApplication] [restartedMain] .m.m.a.ExceptionHandlerExceptionResolver : ControllerAdvice beans: 0 @ExceptionHandler, 1 ResponseBodyAdvice
2024-11-22T11:27:14.015+05:30  INFO 3076024 --- [CheckrApplication] [restartedMain] o.s.b.d.a.OptionalLiveReloadServer       : LiveReload server is running on port 35729
2024-11-22T11:27:14.058+05:30  INFO 3076024 --- [CheckrApplication] [restartedMain] o.s.b.w.embedded.tomcat.TomcatWebServer  : Tomcat started on port 8081 (http) with context path '/'
2024-11-22T11:27:14.071+05:30  INFO 3076024 --- [CheckrApplication] [restartedMain] c.e.CheckrApplication.CheckrApplication  : Started CheckrApplication in 9.624 seconds (process running for 10.65)
2024-11-22T11:29:33.932+05:30  INFO 3076024 --- [CheckrApplication] [SpringApplicationShutdownHook] j.LocalContainerEntityManagerFactoryBean : Closing JPA EntityManagerFactory for persistence unit 'default'
2024-11-22T11:29:33.937+05:30  INFO 3076024 --- [CheckrApplication] [SpringApplicationShutdownHook] com.zaxxer.hikari.HikariDataSource       : HikariPool-1 - Shutdown initiated...
2024-11-22T11:29:33.950+05:30  INFO 3076024 --- [CheckrApplication] [SpringApplicationShutdownHook] com.zaxxer.hikari.HikariDataSource       : HikariPool-1 - Shutdown completed.
2024-11-22T11:29:38.838+05:30  INFO 3076792 --- [CheckrApplication] [restartedMain] c.e.CheckrApplication.CheckrApplication  : Starting CheckrApplication using Java 23.0.1 with PID 3076792 (/home/rahs/Documents/CheckrApplication/target/classes started by rahs in /home/rahs/Documents/CheckrApplication)
2024-11-22T11:29:38.843+05:30  INFO 3076792 --- [CheckrApplication] [restartedMain] c.e.CheckrApplication.CheckrApplication  : No active profile set, falling back to 1 default profile: "default"
2024-11-22T11:29:38.960+05:30  INFO 3076792 --- [CheckrApplication] [restartedMain] .e.DevToolsPropertyDefaultsPostProcessor : Devtools property defaults active! Set 'spring.devtools.add-properties' to 'false' to disable
2024-11-22T11:29:40.452+05:30  INFO 3076792 --- [CheckrApplication] [restartedMain] .s.d.r.c.RepositoryConfigurationDelegate : Bootstrapping Spring Data JPA repositories in DEFAULT mode.
2024-11-22T11:29:40.585+05:30  INFO 3076792 --- [CheckrApplication] [restartedMain] .s.d.r.c.RepositoryConfigurationDelegate : Finished Spring Data repository scanning in 117 ms. Found 5 JPA repository interfaces.
2024-11-22T11:29:41.848+05:30  INFO 3076792 --- [CheckrApplication] [restartedMain] o.s.b.w.embedded.tomcat.TomcatWebServer  : Tomcat initialized with port 8080 (http)
2024-11-22T11:29:41.884+05:30  INFO 3076792 --- [CheckrApplication] [restartedMain] o.apache.catalina.core.StandardService   : Starting service [Tomcat]
2024-11-22T11:29:41.885+05:30  INFO 3076792 --- [CheckrApplication] [restartedMain] o.apache.catalina.core.StandardEngine    : Starting Servlet engine: [Apache Tomcat/10.1.31]
2024-11-22T11:29:41.977+05:30  INFO 3076792 --- [CheckrApplication] [restartedMain] o.a.c.c.C.[Tomcat].[localhost].[/]       : Initializing Spring embedded WebApplicationContext
2024-11-22T11:29:41.978+05:30  INFO 3076792 --- [CheckrApplication] [restartedMain] w.s.c.ServletWebServerApplicationContext : Root WebApplicationContext: initialization completed in 3017 ms
2024-11-22T11:29:42.320+05:30  INFO 3076792 --- [CheckrApplication] [restartedMain] o.hibernate.jpa.internal.util.LogHelper  : HHH000204: Processing PersistenceUnitInfo [name: default]
2024-11-22T11:29:42.473+05:30  INFO 3076792 --- [CheckrApplication] [restartedMain] org.hibernate.Version                    : HHH000412: Hibernate ORM core version 6.5.3.Final
2024-11-22T11:29:42.533+05:30  INFO 3076792 --- [CheckrApplication] [restartedMain] o.h.c.internal.RegionFactoryInitiator    : HHH000026: Second-level cache disabled
2024-11-22T11:29:43.084+05:30  INFO 3076792 --- [CheckrApplication] [restartedMain] o.s.o.j.p.SpringPersistenceUnitInfo      : No LoadTimeWeaver setup: ignoring JPA class transformer
2024-11-22T11:29:43.126+05:30  INFO 3076792 --- [CheckrApplication] [restartedMain] com.zaxxer.hikari.HikariDataSource       : HikariPool-1 - Starting...
2024-11-22T11:29:43.642+05:30  INFO 3076792 --- [CheckrApplication] [restartedMain] com.zaxxer.hikari.pool.HikariPool        : HikariPool-1 - Added connection org.postgresql.jdbc.PgConnection@d220259
2024-11-22T11:29:43.651+05:30  INFO 3076792 --- [CheckrApplication] [restartedMain] com.zaxxer.hikari.HikariDataSource       : HikariPool-1 - Start completed.
2024-11-22T11:29:45.514+05:30  INFO 3076792 --- [CheckrApplication] [restartedMain] j.LocalContainerEntityManagerFactoryBean : Initialized JPA EntityManagerFactory for persistence unit 'default'
2024-11-22T11:29:46.005+05:30 DEBUG 3076792 --- [CheckrApplication] [restartedMain] o.s.b.w.s.ServletContextInitializerBeans : Mapping filters: springSecurityFilterChain urls=[/*] order=-100, characterEncodingFilter urls=[/*] order=-2147483648, formContentFilter urls=[/*] order=-9900, requestContextFilter urls=[/*] order=-105, jwtAuthenticationFilter urls=[/*] order=2147483647
2024-11-22T11:29:46.006+05:30 DEBUG 3076792 --- [CheckrApplication] [restartedMain] o.s.b.w.s.ServletContextInitializerBeans : Mapping servlets: dispatcherServlet urls=[/]
2024-11-22T11:29:46.160+05:30  INFO 3076792 --- [CheckrApplication] [restartedMain] eAuthenticationProviderManagerConfigurer : Global AuthenticationManager configured with AuthenticationProvider bean with name authenticationProvider
2024-11-22T11:29:46.162+05:30  WARN 3076792 --- [CheckrApplication] [restartedMain] r$InitializeUserDetailsManagerConfigurer : Global AuthenticationManager configured with an AuthenticationProvider bean. UserDetailsService beans will not be used for username/password login. Consider removing the AuthenticationProvider bean. Alternatively, consider using the UserDetailsService in a manually instantiated DaoAuthenticationProvider.
2024-11-22T11:29:46.372+05:30  WARN 3076792 --- [CheckrApplication] [restartedMain] JpaBaseConfiguration$JpaWebConfiguration : spring.jpa.open-in-view is enabled by default. Therefore, database queries may be performed during view rendering. Explicitly configure spring.jpa.open-in-view to disable this warning
2024-11-22T11:29:46.648+05:30 DEBUG 3076792 --- [CheckrApplication] [restartedMain] s.w.s.m.m.a.RequestMappingHandlerMapping : 8 mappings in 'requestMappingHandlerMapping'
2024-11-22T11:29:46.818+05:30 DEBUG 3076792 --- [CheckrApplication] [restartedMain] o.s.w.s.handler.SimpleUrlHandlerMapping  : Patterns [/webjars/**, /**] in 'resourceHandlerMapping'
2024-11-22T11:29:47.029+05:30 DEBUG 3076792 --- [CheckrApplication] [restartedMain] s.w.s.m.m.a.RequestMappingHandlerAdapter : ControllerAdvice beans: 0 @ModelAttribute, 0 @InitBinder, 1 RequestBodyAdvice, 1 ResponseBodyAdvice
2024-11-22T11:29:47.087+05:30 DEBUG 3076792 --- [CheckrApplication] [restartedMain] .m.m.a.ExceptionHandlerExceptionResolver : ControllerAdvice beans: 0 @ExceptionHandler, 1 ResponseBodyAdvice
2024-11-22T11:29:47.363+05:30  INFO 3076792 --- [CheckrApplication] [restartedMain] o.s.b.d.a.OptionalLiveReloadServer       : LiveReload server is running on port 35729
2024-11-22T11:29:47.403+05:30  INFO 3076792 --- [CheckrApplication] [restartedMain] o.s.b.w.embedded.tomcat.TomcatWebServer  : Tomcat started on port 8080 (http) with context path '/'
2024-11-22T11:29:47.417+05:30  INFO 3076792 --- [CheckrApplication] [restartedMain] c.e.CheckrApplication.CheckrApplication  : Started CheckrApplication in 9.5 seconds (process running for 10.483)
2024-11-22T11:29:57.102+05:30  INFO 3076792 --- [CheckrApplication] [http-nio-8080-exec-2] o.a.c.c.C.[Tomcat].[localhost].[/]       : Initializing Spring DispatcherServlet 'dispatcherServlet'
2024-11-22T11:29:57.102+05:30  INFO 3076792 --- [CheckrApplication] [http-nio-8080-exec-2] o.s.web.servlet.DispatcherServlet        : Initializing Servlet 'dispatcherServlet'
2024-11-22T11:29:57.103+05:30 DEBUG 3076792 --- [CheckrApplication] [http-nio-8080-exec-2] o.s.web.servlet.DispatcherServlet        : Detected StandardServletMultipartResolver
2024-11-22T11:29:57.103+05:30 DEBUG 3076792 --- [CheckrApplication] [http-nio-8080-exec-2] o.s.web.servlet.DispatcherServlet        : Detected AcceptHeaderLocaleResolver
2024-11-22T11:29:57.104+05:30 DEBUG 3076792 --- [CheckrApplication] [http-nio-8080-exec-2] o.s.web.servlet.DispatcherServlet        : Detected FixedThemeResolver
2024-11-22T11:29:57.105+05:30 DEBUG 3076792 --- [CheckrApplication] [http-nio-8080-exec-2] o.s.web.servlet.DispatcherServlet        : Detected org.springframework.web.servlet.view.DefaultRequestToViewNameTranslator@3489d11b
2024-11-22T11:29:57.107+05:30 DEBUG 3076792 --- [CheckrApplication] [http-nio-8080-exec-2] o.s.web.servlet.DispatcherServlet        : Detected org.springframework.web.servlet.support.SessionFlashMapManager@64231f28
2024-11-22T11:29:57.108+05:30 DEBUG 3076792 --- [CheckrApplication] [http-nio-8080-exec-2] o.s.web.servlet.DispatcherServlet        : enableLoggingRequestDetails='false': request parameters and headers will be masked to prevent unsafe logging of potentially sensitive data
2024-11-22T11:29:57.108+05:30  INFO 3076792 --- [CheckrApplication] [http-nio-8080-exec-2] o.s.web.servlet.DispatcherServlet        : Completed initialization in 5 ms
2024-11-22T11:29:57.163+05:30 DEBUG 3076792 --- [CheckrApplication] [http-nio-8080-exec-2] o.s.web.servlet.DispatcherServlet        : POST "/checkr/auth/v1/signin", parameters={}
2024-11-22T11:29:57.167+05:30 DEBUG 3076792 --- [CheckrApplication] [http-nio-8080-exec-2] s.w.s.m.m.a.RequestMappingHandlerMapping : Mapped to com.example.CheckrApplication.controller.AuthenticationController#authenticateUser(SigninRequestDTO)
2024-11-22T11:29:57.382+05:30 DEBUG 3076792 --- [CheckrApplication] [http-nio-8080-exec-2] m.m.a.RequestResponseBodyMethodProcessor : Read "application/json;charset=UTF-8" to [com.example.CheckrApplication.DTO.SigninRequestDTO@3ffe82d8]
2024-11-22T11:29:58.474+05:30 DEBUG 3076792 --- [CheckrApplication] [http-nio-8080-exec-2] o.s.w.s.m.m.a.HttpEntityMethodProcessor  : Using 'application/json', given [*/*] and supported [application/json, application/*+json]
2024-11-22T11:29:58.475+05:30 DEBUG 3076792 --- [CheckrApplication] [http-nio-8080-exec-2] o.s.w.s.m.m.a.HttpEntityMethodProcessor  : Writing [com.example.CheckrApplication.DTO.SigninResponseDTO@77f5970b]
2024-11-22T11:29:58.487+05:30 DEBUG 3076792 --- [CheckrApplication] [http-nio-8080-exec-2] o.s.web.servlet.DispatcherServlet        : Completed 200 OK
2024-11-22T11:30:19.906+05:30 DEBUG 3076792 --- [CheckrApplication] [http-nio-8080-exec-3] o.s.web.servlet.DispatcherServlet        : GET "/checkr/candidates/v1/17", parameters={}
2024-11-22T11:30:19.906+05:30 DEBUG 3076792 --- [CheckrApplication] [http-nio-8080-exec-3] s.w.s.m.m.a.RequestMappingHandlerMapping : Mapped to com.example.CheckrApplication.controller.CandidateController#getCandidateById(Long)
2024-11-22T11:30:20.013+05:30 DEBUG 3076792 --- [CheckrApplication] [http-nio-8080-exec-3] o.s.w.s.m.m.a.HttpEntityMethodProcessor  : Using 'application/json', given [*/*] and supported [application/json, application/*+json]
2024-11-22T11:30:20.013+05:30 DEBUG 3076792 --- [CheckrApplication] [http-nio-8080-exec-3] o.s.w.s.m.m.a.HttpEntityMethodProcessor  : Writing [com.example.CheckrApplication.DTO.CandidateDetailResponseDTO@70edae3a]
2024-11-22T11:30:20.025+05:30 DEBUG 3076792 --- [CheckrApplication] [http-nio-8080-exec-3] o.s.web.servlet.DispatcherServlet        : Completed 200 OK
2024-11-22T12:12:44.051+05:30  INFO 3076792 --- [CheckrApplication] [SpringApplicationShutdownHook] j.LocalContainerEntityManagerFactoryBean : Closing JPA EntityManagerFactory for persistence unit 'default'
2024-11-22T12:12:44.057+05:30  INFO 3076792 --- [CheckrApplication] [SpringApplicationShutdownHook] com.zaxxer.hikari.HikariDataSource       : HikariPool-1 - Shutdown initiated...
2024-11-22T12:12:44.063+05:30  INFO 3076792 --- [CheckrApplication] [SpringApplicationShutdownHook] com.zaxxer.hikari.HikariDataSource       : HikariPool-1 - Shutdown completed.
